ERROR - 2023-12-13 15:16:49 --> mysqli_sql_exception: Unknown column 'nama' in 'field list' in C:\Users\Public\OneDrive - Institut Teknologi Bandung\Desktop\Tugas-Besar-TST-II3160---K01--Kelompok-08\system\Database\MySQLi\Connection.php:306
Stack trace:
#0 C:\Users\Public\OneDrive - Institut Teknologi Bandung\Desktop\Tugas-Besar-TST-II3160---K01--Kelompok-08\system\Database\MySQLi\Connection.php(306): mysqli->query('INSERT INTO `wa...', 0)
#1 C:\Users\Public\OneDrive - Institut Teknologi Bandung\Desktop\Tugas-Besar-TST-II3160---K01--Kelompok-08\system\Database\BaseConnection.php(693): CodeIgniter\Database\MySQLi\Connection->execute('INSERT INTO `wa...')
#2 C:\Users\Public\OneDrive - Institut Teknologi Bandung\Desktop\Tugas-Besar-TST-II3160---K01--Kelompok-08\system\Database\BaseConnection.php(607): CodeIgniter\Database\BaseConnection->simpleQuery('INSERT INTO `wa...')
#3 C:\Users\Public\OneDrive - Institut Teknologi Bandung\Desktop\Tugas-Besar-TST-II3160---K01--Kelompok-08\system\Database\BaseBuilder.php(2301): CodeIgniter\Database\BaseConnection->query('INSERT INTO `wa...', Array, false)
#4 C:\Users\Public\OneDrive - Institut Teknologi Bandung\Desktop\Tugas-Besar-TST-II3160---K01--Kelompok-08\app\Database\Seeds\WahanaSeeder.php(40): CodeIgniter\Database\BaseBuilder->insert(Array)
#5 C:\Users\Public\OneDrive - Institut Teknologi Bandung\Desktop\Tugas-Besar-TST-II3160---K01--Kelompok-08\system\Database\Seeder.php(145): App\Database\Seeds\WahanaSeeder->run()
#6 C:\Users\Public\OneDrive - Institut Teknologi Bandung\Desktop\Tugas-Besar-TST-II3160---K01--Kelompok-08\system\Commands\Database\Seed.php(77): CodeIgniter\Database\Seeder->call('App\\Database\\Se...')
#7 C:\Users\Public\OneDrive - Institut Teknologi Bandung\Desktop\Tugas-Besar-TST-II3160---K01--Kelompok-08\system\CLI\Commands.php(65): CodeIgniter\Commands\Database\Seed->run(Array)
#8 C:\Users\Public\OneDrive - Institut Teknologi Bandung\Desktop\Tugas-Besar-TST-II3160---K01--Kelompok-08\system\CLI\Console.php(46): CodeIgniter\CLI\Commands->run('db:seed', Array)
#9 C:\Users\Public\OneDrive - Institut Teknologi Bandung\Desktop\Tugas-Besar-TST-II3160---K01--Kelompok-08\spark(102): CodeIgniter\CLI\Console->run()
#10 {main}
ERROR - 2023-12-13 15:20:32 --> mysqli_sql_exception: Table 'rating' already exists in C:\Users\Public\OneDrive - Institut Teknologi Bandung\Desktop\Tugas-Besar-TST-II3160---K01--Kelompok-08\system\Database\MySQLi\Connection.php:306
Stack trace:
#0 C:\Users\Public\OneDrive - Institut Teknologi Bandung\Desktop\Tugas-Besar-TST-II3160---K01--Kelompok-08\system\Database\MySQLi\Connection.php(306): mysqli->query('CREATE TABLE `r...', 0)
#1 C:\Users\Public\OneDrive - Institut Teknologi Bandung\Desktop\Tugas-Besar-TST-II3160---K01--Kelompok-08\system\Database\BaseConnection.php(693): CodeIgniter\Database\MySQLi\Connection->execute('CREATE TABLE `r...')
#2 C:\Users\Public\OneDrive - Institut Teknologi Bandung\Desktop\Tugas-Besar-TST-II3160---K01--Kelompok-08\system\Database\BaseConnection.php(607): CodeIgniter\Database\BaseConnection->simpleQuery('CREATE TABLE `r...')
#3 C:\Users\Public\OneDrive - Institut Teknologi Bandung\Desktop\Tugas-Besar-TST-II3160---K01--Kelompok-08\system\Database\Forge.php(546): CodeIgniter\Database\BaseConnection->query('CREATE TABLE `r...')
#4 C:\Users\Public\OneDrive - Institut Teknologi Bandung\Desktop\Tugas-Besar-TST-II3160---K01--Kelompok-08\app\Database\Migrations\2023-12-12-140227_CreateRatingTable.php(27): CodeIgniter\Database\Forge->createTable('rating')
#5 C:\Users\Public\OneDrive - Institut Teknologi Bandung\Desktop\Tugas-Besar-TST-II3160---K01--Kelompok-08\system\Database\MigrationRunner.php(870): App\Database\Migrations\CreateRatingTable->up()
#6 C:\Users\Public\OneDrive - Institut Teknologi Bandung\Desktop\Tugas-Besar-TST-II3160---K01--Kelompok-08\system\Database\MigrationRunner.php(185): CodeIgniter\Database\MigrationRunner->migrate('up', Object(stdClass))
#7 C:\Users\Public\OneDrive - Institut Teknologi Bandung\Desktop\Tugas-Besar-TST-II3160---K01--Kelompok-08\system\Commands\Database\Migrate.php(84): CodeIgniter\Database\MigrationRunner->latest(NULL)
#8 C:\Users\Public\OneDrive - Institut Teknologi Bandung\Desktop\Tugas-Besar-TST-II3160---K01--Kelompok-08\system\CLI\Commands.php(65): CodeIgniter\Commands\Database\Migrate->run(Array)
#9 C:\Users\Public\OneDrive - Institut Teknologi Bandung\Desktop\Tugas-Besar-TST-II3160---K01--Kelompok-08\system\CLI\BaseCommand.php(115): CodeIgniter\CLI\Commands->run('migrate', Array)
#10 C:\Users\Public\OneDrive - Institut Teknologi Bandung\Desktop\Tugas-Besar-TST-II3160---K01--Kelompok-08\system\Commands\Database\MigrateRefresh.php(85): CodeIgniter\CLI\BaseCommand->call('migrate', Array)
#11 C:\Users\Public\OneDrive - Institut Teknologi Bandung\Desktop\Tugas-Besar-TST-II3160---K01--Kelompok-08\system\CLI\Commands.php(65): CodeIgniter\Commands\Database\MigrateRefresh->run(Array)
#12 C:\Users\Public\OneDrive - Institut Teknologi Bandung\Desktop\Tugas-Besar-TST-II3160---K01--Kelompok-08\system\CLI\Console.php(46): CodeIgniter\CLI\Commands->run('migrate:refresh', Array)
#13 C:\Users\Public\OneDrive - Institut Teknologi Bandung\Desktop\Tugas-Besar-TST-II3160---K01--Kelompok-08\spark(102): CodeIgniter\CLI\Console->run()
#14 {main}
