INFO - 2023-12-16 09:23:40 --> Session: Class initialized using 'CodeIgniter\Session\Handlers\FileHandler' driver.
INFO - 2023-12-16 09:23:47 --> Session: Class initialized using 'CodeIgniter\Session\Handlers\FileHandler' driver.
ERROR - 2023-12-16 09:23:50 --> Error connecting to the database: mysqli_sql_exception: No connection could be made because the target machine actively refused it in C:\Users\Public\OneDrive - Institut Teknologi Bandung\Desktop\Tugas-Besar-TST-II3160---K01--Kelompok-08\system\Database\MySQLi\Connection.php:184
Stack trace:
#0 C:\Users\Public\OneDrive - Institut Teknologi Bandung\Desktop\Tugas-Besar-TST-II3160---K01--Kelompok-08\system\Database\MySQLi\Connection.php(184): mysqli->real_connect('127.0.0.1', 'root', Object(SensitiveParameterValue), 'wahanaku', 3306, '', 0)
#1 C:\Users\Public\OneDrive - Institut Teknologi Bandung\Desktop\Tugas-Besar-TST-II3160---K01--Kelompok-08\system\Database\BaseConnection.php(392): CodeIgniter\Database\MySQLi\Connection->connect(false)
#2 C:\Users\Public\OneDrive - Institut Teknologi Bandung\Desktop\Tugas-Besar-TST-II3160---K01--Kelompok-08\system\Database\BaseConnection.php(575): CodeIgniter\Database\BaseConnection->initialize()
#3 C:\Users\Public\OneDrive - Institut Teknologi Bandung\Desktop\Tugas-Besar-TST-II3160---K01--Kelompok-08\system\Database\BaseBuilder.php(1612): CodeIgniter\Database\BaseConnection->query('SELECT *\nFROM `...', Array, false)
#4 C:\Users\Public\OneDrive - Institut Teknologi Bandung\Desktop\Tugas-Besar-TST-II3160---K01--Kelompok-08\system\Model.php(269): CodeIgniter\Database\BaseBuilder->get()
#5 C:\Users\Public\OneDrive - Institut Teknologi Bandung\Desktop\Tugas-Besar-TST-II3160---K01--Kelompok-08\system\BaseModel.php(672): CodeIgniter\Model->doFirst()
#6 C:\Users\Public\OneDrive - Institut Teknologi Bandung\Desktop\Tugas-Besar-TST-II3160---K01--Kelompok-08\app\Controllers\AuthAPIController.php(93): CodeIgniter\BaseModel->first()
#7 C:\Users\Public\OneDrive - Institut Teknologi Bandung\Desktop\Tugas-Besar-TST-II3160---K01--Kelompok-08\system\CodeIgniter.php(942): App\Controllers\AuthAPIController->login_action()
#8 C:\Users\Public\OneDrive - Institut Teknologi Bandung\Desktop\Tugas-Besar-TST-II3160---K01--Kelompok-08\system\CodeIgniter.php(502): CodeIgniter\CodeIgniter->runController(Object(App\Controllers\AuthAPIController))
#9 C:\Users\Public\OneDrive - Institut Teknologi Bandung\Desktop\Tugas-Besar-TST-II3160---K01--Kelompok-08\system\CodeIgniter.php(361): CodeIgniter\CodeIgniter->handleRequest(NULL, Object(Config\Cache), false)
#10 C:\Users\Public\OneDrive - Institut Teknologi Bandung\Desktop\Tugas-Besar-TST-II3160---K01--Kelompok-08\public\index.php(79): CodeIgniter\CodeIgniter->run()
#11 C:\Users\Public\OneDrive - Institut Teknologi Bandung\Desktop\Tugas-Besar-TST-II3160---K01--Kelompok-08\system\Commands\Server\rewrite.php(47): require_once('C:\\Users\\Public...')
#12 {main}

Next CodeIgniter\Database\Exceptions\DatabaseException: No connection could be made because the target machine actively refused it in C:\Users\Public\OneDrive - Institut Teknologi Bandung\Desktop\Tugas-Besar-TST-II3160---K01--Kelompok-08\system\Database\MySQLi\Connection.php:229
Stack trace:
#0 C:\Users\Public\OneDrive - Institut Teknologi Bandung\Desktop\Tugas-Besar-TST-II3160---K01--Kelompok-08\system\Database\BaseConnection.php(392): CodeIgniter\Database\MySQLi\Connection->connect(false)
#1 C:\Users\Public\OneDrive - Institut Teknologi Bandung\Desktop\Tugas-Besar-TST-II3160---K01--Kelompok-08\system\Database\BaseConnection.php(575): CodeIgniter\Database\BaseConnection->initialize()
#2 C:\Users\Public\OneDrive - Institut Teknologi Bandung\Desktop\Tugas-Besar-TST-II3160---K01--Kelompok-08\system\Database\BaseBuilder.php(1612): CodeIgniter\Database\BaseConnection->query('SELECT *\nFROM `...', Array, false)
#3 C:\Users\Public\OneDrive - Institut Teknologi Bandung\Desktop\Tugas-Besar-TST-II3160---K01--Kelompok-08\system\Model.php(269): CodeIgniter\Database\BaseBuilder->get()
#4 C:\Users\Public\OneDrive - Institut Teknologi Bandung\Desktop\Tugas-Besar-TST-II3160---K01--Kelompok-08\system\BaseModel.php(672): CodeIgniter\Model->doFirst()
#5 C:\Users\Public\OneDrive - Institut Teknologi Bandung\Desktop\Tugas-Besar-TST-II3160---K01--Kelompok-08\app\Controllers\AuthAPIController.php(93): CodeIgniter\BaseModel->first()
#6 C:\Users\Public\OneDrive - Institut Teknologi Bandung\Desktop\Tugas-Besar-TST-II3160---K01--Kelompok-08\system\CodeIgniter.php(942): App\Controllers\AuthAPIController->login_action()
#7 C:\Users\Public\OneDrive - Institut Teknologi Bandung\Desktop\Tugas-Besar-TST-II3160---K01--Kelompok-08\system\CodeIgniter.php(502): CodeIgniter\CodeIgniter->runController(Object(App\Controllers\AuthAPIController))
#8 C:\Users\Public\OneDrive - Institut Teknologi Bandung\Desktop\Tugas-Besar-TST-II3160---K01--Kelompok-08\system\CodeIgniter.php(361): CodeIgniter\CodeIgniter->handleRequest(NULL, Object(Config\Cache), false)
#9 C:\Users\Public\OneDrive - Institut Teknologi Bandung\Desktop\Tugas-Besar-TST-II3160---K01--Kelompok-08\public\index.php(79): CodeIgniter\CodeIgniter->run()
#10 C:\Users\Public\OneDrive - Institut Teknologi Bandung\Desktop\Tugas-Besar-TST-II3160---K01--Kelompok-08\system\Commands\Server\rewrite.php(47): require_once('C:\\Users\\Public...')
#11 {main}
CRITICAL - 2023-12-16 09:23:50 --> Unable to connect to the database.
Main connection [MySQLi]: No connection could be made because the target machine actively refused it
in SYSTEMPATH\Database\BaseConnection.php on line 428.
 1 SYSTEMPATH\Database\BaseConnection.php(575): CodeIgniter\Database\BaseConnection->initialize()
 2 SYSTEMPATH\Database\BaseBuilder.php(1612): CodeIgniter\Database\BaseConnection->query('SELECT *
FROM `user`
WHERE `username` = :username:
 LIMIT 1', [...], false)
 3 SYSTEMPATH\Model.php(269): CodeIgniter\Database\BaseBuilder->get()
 4 SYSTEMPATH\BaseModel.php(672): CodeIgniter\Model->doFirst()
 5 APPPATH\Controllers\AuthAPIController.php(93): CodeIgniter\BaseModel->first()
 6 SYSTEMPATH\CodeIgniter.php(942): App\Controllers\AuthAPIController->login_action()
 7 SYSTEMPATH\CodeIgniter.php(502): CodeIgniter\CodeIgniter->runController(Object(App\Controllers\AuthAPIController))
 8 SYSTEMPATH\CodeIgniter.php(361): CodeIgniter\CodeIgniter->handleRequest(null, Object(Config\Cache), false)
 9 FCPATH\index.php(79): CodeIgniter\CodeIgniter->run()
10 SYSTEMPATH\Commands\Server\rewrite.php(47): require_once('C:\\Users\\Public\\OneDrive - Institut Teknologi Bandung\\Desktop\\Tugas-Besar-TST-II3160---K01--Kelompok-08\\public\\index.php')
INFO - 2023-12-16 13:58:52 --> Session: Class initialized using 'CodeIgniter\Session\Handlers\FileHandler' driver.
INFO - 2023-12-16 13:58:59 --> Session: Class initialized using 'CodeIgniter\Session\Handlers\FileHandler' driver.
CRITICAL - 2023-12-16 14:06:10 --> Trying to access array offset on value of type null
in APPPATH\Controllers\AnalyticsController.php on line 25.
 1 APPPATH\Controllers\AnalyticsController.php(25): CodeIgniter\Debug\Exceptions->errorHandler(2, 'Trying to access array offset on value of type null', 'C:\\Users\\Public\\OneDrive - Institut Teknologi Bandung\\Desktop\\Tugas-Besar-TST-II3160---K01--Kelompok-08\\app\\Controllers\\AnalyticsController.php', 25)
 2 SYSTEMPATH\CodeIgniter.php(942): App\Controllers\AnalyticsController->index()
 3 SYSTEMPATH\CodeIgniter.php(502): CodeIgniter\CodeIgniter->runController(Object(App\Controllers\AnalyticsController))
 4 SYSTEMPATH\CodeIgniter.php(361): CodeIgniter\CodeIgniter->handleRequest(null, Object(Config\Cache), false)
 5 FCPATH\index.php(79): CodeIgniter\CodeIgniter->run()
 6 SYSTEMPATH\Commands\Server\rewrite.php(47): require_once('C:\\Users\\Public\\OneDrive - Institut Teknologi Bandung\\Desktop\\Tugas-Besar-TST-II3160---K01--Kelompok-08\\public\\index.php')
CRITICAL - 2023-12-16 14:08:18 --> Undefined array key "data_reservasi"
in APPPATH\Controllers\AnalyticsController.php on line 25.
 1 APPPATH\Controllers\AnalyticsController.php(25): CodeIgniter\Debug\Exceptions->errorHandler(2, 'Undefined array key "data_reservasi"', 'C:\\Users\\Public\\OneDrive - Institut Teknologi Bandung\\Desktop\\Tugas-Besar-TST-II3160---K01--Kelompok-08\\app\\Controllers\\AnalyticsController.php', 25)
 2 SYSTEMPATH\CodeIgniter.php(942): App\Controllers\AnalyticsController->index()
 3 SYSTEMPATH\CodeIgniter.php(502): CodeIgniter\CodeIgniter->runController(Object(App\Controllers\AnalyticsController))
 4 SYSTEMPATH\CodeIgniter.php(361): CodeIgniter\CodeIgniter->handleRequest(null, Object(Config\Cache), false)
 5 FCPATH\index.php(79): CodeIgniter\CodeIgniter->run()
 6 SYSTEMPATH\Commands\Server\rewrite.php(47): require_once('C:\\Users\\Public\\OneDrive - Institut Teknologi Bandung\\Desktop\\Tugas-Besar-TST-II3160---K01--Kelompok-08\\public\\index.php')
CRITICAL - 2023-12-16 14:08:22 --> Undefined array key "data_reservasi"
in APPPATH\Controllers\AnalyticsController.php on line 25.
 1 APPPATH\Controllers\AnalyticsController.php(25): CodeIgniter\Debug\Exceptions->errorHandler(2, 'Undefined array key "data_reservasi"', 'C:\\Users\\Public\\OneDrive - Institut Teknologi Bandung\\Desktop\\Tugas-Besar-TST-II3160---K01--Kelompok-08\\app\\Controllers\\AnalyticsController.php', 25)
 2 SYSTEMPATH\CodeIgniter.php(942): App\Controllers\AnalyticsController->index()
 3 SYSTEMPATH\CodeIgniter.php(502): CodeIgniter\CodeIgniter->runController(Object(App\Controllers\AnalyticsController))
 4 SYSTEMPATH\CodeIgniter.php(361): CodeIgniter\CodeIgniter->handleRequest(null, Object(Config\Cache), false)
 5 FCPATH\index.php(79): CodeIgniter\CodeIgniter->run()
 6 SYSTEMPATH\Commands\Server\rewrite.php(47): require_once('C:\\Users\\Public\\OneDrive - Institut Teknologi Bandung\\Desktop\\Tugas-Besar-TST-II3160---K01--Kelompok-08\\public\\index.php')
CRITICAL - 2023-12-16 14:10:35 --> Undefined array key "data_reservasi"
in APPPATH\Controllers\AnalyticsController.php on line 26.
 1 APPPATH\Controllers\AnalyticsController.php(26): CodeIgniter\Debug\Exceptions->errorHandler(2, 'Undefined array key "data_reservasi"', 'C:\\Users\\Public\\OneDrive - Institut Teknologi Bandung\\Desktop\\Tugas-Besar-TST-II3160---K01--Kelompok-08\\app\\Controllers\\AnalyticsController.php', 26)
 2 SYSTEMPATH\CodeIgniter.php(942): App\Controllers\AnalyticsController->index()
 3 SYSTEMPATH\CodeIgniter.php(502): CodeIgniter\CodeIgniter->runController(Object(App\Controllers\AnalyticsController))
 4 SYSTEMPATH\CodeIgniter.php(361): CodeIgniter\CodeIgniter->handleRequest(null, Object(Config\Cache), false)
 5 FCPATH\index.php(79): CodeIgniter\CodeIgniter->run()
 6 SYSTEMPATH\Commands\Server\rewrite.php(47): require_once('C:\\Users\\Public\\OneDrive - Institut Teknologi Bandung\\Desktop\\Tugas-Besar-TST-II3160---K01--Kelompok-08\\public\\index.php')
